                                      1 ;--------------------------------------------------------
                                      2 ; File Created by SDCC : free open source ANSI-C Compiler
                                      3 ; Version 4.0.7 #12016 (MINGW64)
                                      4 ;--------------------------------------------------------
                                      5 	.module main
                                      6 	.optsdcc -mgbz80
                                      7 	
                                      8 ;--------------------------------------------------------
                                      9 ; Public variables in this module
                                     10 ;--------------------------------------------------------
                                     11 	.globl _main
                                     12 	.globl _initializeGame
                                     13 	.globl _gameCoreLoop
                                     14 ;--------------------------------------------------------
                                     15 ; special function registers
                                     16 ;--------------------------------------------------------
                                     17 ;--------------------------------------------------------
                                     18 ; ram data
                                     19 ;--------------------------------------------------------
                                     20 	.area _DATA
                                     21 ;--------------------------------------------------------
                                     22 ; absolute external ram data
                                     23 ;--------------------------------------------------------
                                     24 	.area _DABS (ABS)
                                     25 ;--------------------------------------------------------
                                     26 ; global & static initialisations
                                     27 ;--------------------------------------------------------
                                     28 	.area _HOME
                                     29 	.area _GSINIT
                                     30 	.area _GSFINAL
                                     31 	.area _GSINIT
                                     32 ;--------------------------------------------------------
                                     33 ; Home
                                     34 ;--------------------------------------------------------
                                     35 	.area _HOME
                                     36 	.area _HOME
                                     37 ;--------------------------------------------------------
                                     38 ; code
                                     39 ;--------------------------------------------------------
                                     40 	.area _CODE
                           000000    41 	G$main$0$0	= .
                                     42 	.globl	G$main$0$0
                           000000    43 	C$main.c$5$0_0$86	= .
                                     44 	.globl	C$main.c$5$0_0$86
                                     45 ;main.c:5: int main(){
                                     46 ;	---------------------------------
                                     47 ; Function main
                                     48 ; ---------------------------------
      000000                         49 _main::
                           000000    50 	C$main.c$6$1_0$86	= .
                                     51 	.globl	C$main.c$6$1_0$86
                                     52 ;main.c:6: initializeGame();
      000000 CDr00r00                53 	call	_initializeGame
                           000003    54 	C$main.c$8$1_0$86	= .
                                     55 	.globl	C$main.c$8$1_0$86
                                     56 ;main.c:8: while (TRUE) { gameCoreLoop(); }
      000003                         57 00102$:
      000003 CDr00r00                58 	call	_gameCoreLoop
                           000006    59 	C$main.c$10$1_0$86	= .
                                     60 	.globl	C$main.c$10$1_0$86
                                     61 ;main.c:10: return 0;
                           000006    62 	C$main.c$11$1_0$86	= .
                                     63 	.globl	C$main.c$11$1_0$86
                                     64 ;main.c:11: }
                           000006    65 	C$main.c$11$1_0$86	= .
                                     66 	.globl	C$main.c$11$1_0$86
                           000006    67 	XG$main$0$0	= .
                                     68 	.globl	XG$main$0$0
      000006 18 FB                   69 	jr	00102$
                                     70 	.area _CODE
                                     71 	.area _CABS (ABS)
